[debug] [2025-04-13T12:24:16.931Z] ----------------------------------------------------------------------
[debug] [2025-04-13T12:24:16.933Z] Command:       /nix/store/ixbb20farqh1f4fqbmsn6b1ixn8mc8ij-nodejs-20.18.1/bin/node /nix/store/b9a1wqzb1vkh5xd2mrp196csvbgv8j13-firebase-tools-14.0.1/lib/node_modules/firebase-tools/lib/bin/firebase.js login --no-localhost
[debug] [2025-04-13T12:24:16.934Z] CLI Version:   14.0.1
[debug] [2025-04-13T12:24:16.934Z] Platform:      linux
[debug] [2025-04-13T12:24:16.934Z] Node Version:  v20.18.1
[debug] [2025-04-13T12:24:16.934Z] Time:          Sun Apr 13 2025 12:24:16 GMT+0000 (Coordinated Universal Time)
[debug] [2025-04-13T12:24:16.934Z] ----------------------------------------------------------------------
[debug] 
[debug] [2025-04-13T12:24:16.939Z] >>> [apiv2][query] GET https://firebase-public.firebaseio.com/cli.json [none]
[info] i  Firebase optionally collects CLI and Emulator Suite usage and error reporting information to help improve our products. Data is collected in accordance with Google's privacy policy (https://policies.google.com/privacy) and is not used to identify you.
 
[debug] [2025-04-13T12:24:17.155Z] >>> [apiv2][query] POST https://auth.firebase.tools/attest [none]
[debug] [2025-04-13T12:24:17.156Z] >>> [apiv2][body] POST https://auth.firebase.tools/attest {"session_id":"76d7e083-06f7-46b6-b0e9-e383fdd710ea"}
[debug] [2025-04-13T12:24:17.497Z] <<< [apiv2][status] GET https://firebase-public.firebaseio.com/cli.json 200
[debug] [2025-04-13T12:24:17.498Z] <<< [apiv2][body] GET https://firebase-public.firebaseio.com/cli.json {"cloudBuildErrorAfter":1594252800000,"cloudBuildWarnAfter":1590019200000,"defaultNode10After":1594252800000,"minVersion":"3.0.5","node8DeploysDisabledAfter":1613390400000,"node8RuntimeDisabledAfter":1615809600000,"node8WarnAfter":1600128000000}
[debug] [2025-04-13T12:24:17.538Z] <<< [apiv2][status] POST https://auth.firebase.tools/attest 200
[debug] [2025-04-13T12:24:17.538Z] <<< [apiv2][body] POST https://auth.firebase.tools/attest {"token":"KAgguikWJ6cW2DiXlwdC4vVnbf5bVL3n_zHQWqJ0W_8"}
[info] 
[info] To sign in to the Firebase CLI:
[info] 
[info] 1. Take note of your session ID:
[info] 
[info]    76D7E
[info] 
[info] 2. Visit the URL below on any device and follow the instructions to get your code:
[info] 
[info]    https://auth.firebase.tools/login?code_challenge=4kOwa0-xZ4muwLGyrp3rjJX3EClp8JG6XC43H4F9KJE&session=76d7e083-06f7-46b6-b0e9-e383fdd710ea&attest=KAgguikWJ6cW2DiXlwdC4vVnbf5bVL3n_zHQWqJ0W_8
[info] 
[info] 3. Paste or enter the authorization code below once you have it:
[info] 
